[17:30:06] [Server thread/INFO]: Starting minecraft server version 1.12
[17:30:06] [Server thread/WARN]: To start the server with more ram, launch it as "java -Xmx1024M -Xms1024M -jar minecraft_server.jar"
[17:30:06] [Server thread/INFO]: Loading properties
[17:30:06] [Server thread/INFO]: Default game type: SURVIVAL
[17:30:06] [Server thread/INFO]: This server is running CraftBukkit version git-Spigot-596221b-9a1fc1e (MC: 1.12) (Implementing API version 1.12-R0.1-SNAPSHOT)
[17:30:06] [Server thread/INFO]: Debug logging is disabled
[17:30:06] [Server thread/INFO]: Server Ping Player Sample Count: 12
[17:30:06] [Server thread/INFO]: Using 4 threads for Netty based IO
[17:30:07] [Server thread/INFO]: Generating keypair
[17:30:07] [Server thread/INFO]: Starting Minecraft server on *:25565
[17:30:07] [Server thread/INFO]: Using default channel type
[17:30:07] [Server thread/INFO]: **** Beginning UUID conversion, this may take A LONG time ****
[17:30:07] [Server thread/INFO]: Preparing level "world"
[17:30:07] [Server thread/INFO]: -------- World Settings For [world] --------
[17:30:07] [Server thread/INFO]: Allow Zombie Pigmen to spawn from portal blocks: true
[17:30:07] [Server thread/INFO]: Arrow Despawn Rate: 1200
[17:30:07] [Server thread/INFO]: Item Despawn Rate: 6000
[17:30:07] [Server thread/INFO]: Item Merge Radius: 2.5
[17:30:07] [Server thread/INFO]: Experience Merge Radius: 3.0
[17:30:07] [Server thread/INFO]: Nerfing mobs spawned from spawners: false
[17:30:07] [Server thread/INFO]: View Distance: 10
[17:30:07] [Server thread/INFO]: Zombie Aggressive Towards Villager: true
[17:30:07] [Server thread/INFO]: Custom Map Seeds:  Village: 10387312 Feature: 14357617 Monument: 10387313 Slime: 987234911
[17:30:07] [Server thread/INFO]: Hopper Transfer: 8 Hopper Check: 1 Hopper Amount: 1
[17:30:07] [Server thread/INFO]: Mob Spawn Range: 4
[17:30:07] [Server thread/INFO]: Entity Activation Range: An 32 / Mo 32 / Mi 16
[17:30:07] [Server thread/INFO]: Structure Info Saving: true
[17:30:07] [Server thread/INFO]: Entity Tracking Range: Pl 48 / An 48 / Mo 48 / Mi 32 / Other 64
[17:30:07] [Server thread/INFO]: Random Lighting Updates: false
[17:30:07] [Server thread/INFO]: Cactus Growth Modifier: 100%
[17:30:07] [Server thread/INFO]: Cane Growth Modifier: 100%
[17:30:07] [Server thread/INFO]: Melon Growth Modifier: 100%
[17:30:07] [Server thread/INFO]: Mushroom Growth Modifier: 100%
[17:30:07] [Server thread/INFO]: Pumpkin Growth Modifier: 100%
[17:30:07] [Server thread/INFO]: Sapling Growth Modifier: 100%
[17:30:07] [Server thread/INFO]: Wheat Growth Modifier: 100%
[17:30:07] [Server thread/INFO]: NetherWart Growth Modifier: 100%
[17:30:07] [Server thread/INFO]: Vine Growth Modifier: 100%
[17:30:07] [Server thread/INFO]: Cocoa Growth Modifier: 100%
[17:30:07] [Server thread/INFO]: Max TNT Explosions: 100
[17:30:07] [Server thread/INFO]: Tile Max Tick Time: 50ms Entity max Tick Time: 50ms
[17:30:08] [Server thread/WARN]: Unable to find spawn biome
[17:30:08] [Server thread/INFO]: -------- World Settings For [world_nether] --------
[17:30:08] [Server thread/INFO]: Allow Zombie Pigmen to spawn from portal blocks: true
[17:30:08] [Server thread/INFO]: Arrow Despawn Rate: 1200
[17:30:08] [Server thread/INFO]: Item Despawn Rate: 6000
[17:30:08] [Server thread/INFO]: Item Merge Radius: 2.5
[17:30:08] [Server thread/INFO]: Experience Merge Radius: 3.0
[17:30:08] [Server thread/INFO]: Nerfing mobs spawned from spawners: false
[17:30:08] [Server thread/INFO]: View Distance: 10
[17:30:08] [Server thread/INFO]: Zombie Aggressive Towards Villager: true
[17:30:08] [Server thread/INFO]: Custom Map Seeds:  Village: 10387312 Feature: 14357617 Monument: 10387313 Slime: 987234911
[17:30:08] [Server thread/INFO]: Hopper Transfer: 8 Hopper Check: 1 Hopper Amount: 1
[17:30:08] [Server thread/INFO]: Mob Spawn Range: 4
[17:30:08] [Server thread/INFO]: Entity Activation Range: An 32 / Mo 32 / Mi 16
[17:30:08] [Server thread/INFO]: Structure Info Saving: true
[17:30:08] [Server thread/INFO]: Entity Tracking Range: Pl 48 / An 48 / Mo 48 / Mi 32 / Other 64
[17:30:08] [Server thread/INFO]: Random Lighting Updates: false
[17:30:08] [Server thread/INFO]: Cactus Growth Modifier: 100%
[17:30:08] [Server thread/INFO]: Cane Growth Modifier: 100%
[17:30:08] [Server thread/INFO]: Melon Growth Modifier: 100%
[17:30:08] [Server thread/INFO]: Mushroom Growth Modifier: 100%
[17:30:08] [Server thread/INFO]: Pumpkin Growth Modifier: 100%
[17:30:08] [Server thread/INFO]: Sapling Growth Modifier: 100%
[17:30:08] [Server thread/INFO]: Wheat Growth Modifier: 100%
[17:30:08] [Server thread/INFO]: NetherWart Growth Modifier: 100%
[17:30:08] [Server thread/INFO]: Vine Growth Modifier: 100%
[17:30:08] [Server thread/INFO]: Cocoa Growth Modifier: 100%
[17:30:08] [Server thread/INFO]: Max TNT Explosions: 100
[17:30:08] [Server thread/INFO]: Tile Max Tick Time: 50ms Entity max Tick Time: 50ms
[17:30:08] [Server thread/INFO]: -------- World Settings For [world_the_end] --------
[17:30:08] [Server thread/INFO]: Allow Zombie Pigmen to spawn from portal blocks: true
[17:30:08] [Server thread/INFO]: Arrow Despawn Rate: 1200
[17:30:08] [Server thread/INFO]: Item Despawn Rate: 6000
[17:30:08] [Server thread/INFO]: Item Merge Radius: 2.5
[17:30:08] [Server thread/INFO]: Experience Merge Radius: 3.0
[17:30:08] [Server thread/INFO]: Nerfing mobs spawned from spawners: false
[17:30:08] [Server thread/INFO]: View Distance: 10
[17:30:08] [Server thread/INFO]: Zombie Aggressive Towards Villager: true
[17:30:08] [Server thread/INFO]: Custom Map Seeds:  Village: 10387312 Feature: 14357617 Monument: 10387313 Slime: 987234911
[17:30:08] [Server thread/INFO]: Hopper Transfer: 8 Hopper Check: 1 Hopper Amount: 1
[17:30:08] [Server thread/INFO]: Mob Spawn Range: 4
[17:30:08] [Server thread/INFO]: Entity Activation Range: An 32 / Mo 32 / Mi 16
[17:30:08] [Server thread/INFO]: Structure Info Saving: true
[17:30:08] [Server thread/INFO]: Entity Tracking Range: Pl 48 / An 48 / Mo 48 / Mi 32 / Other 64
[17:30:08] [Server thread/INFO]: Random Lighting Updates: false
[17:30:08] [Server thread/INFO]: Cactus Growth Modifier: 100%
[17:30:08] [Server thread/INFO]: Cane Growth Modifier: 100%
[17:30:08] [Server thread/INFO]: Melon Growth Modifier: 100%
[17:30:08] [Server thread/INFO]: Mushroom Growth Modifier: 100%
[17:30:08] [Server thread/INFO]: Pumpkin Growth Modifier: 100%
[17:30:08] [Server thread/INFO]: Sapling Growth Modifier: 100%
[17:30:08] [Server thread/INFO]: Wheat Growth Modifier: 100%
[17:30:08] [Server thread/INFO]: NetherWart Growth Modifier: 100%
[17:30:08] [Server thread/INFO]: Vine Growth Modifier: 100%
[17:30:08] [Server thread/INFO]: Cocoa Growth Modifier: 100%
[17:30:08] [Server thread/INFO]: Max TNT Explosions: 100
[17:30:08] [Server thread/INFO]: Tile Max Tick Time: 50ms Entity max Tick Time: 50ms
[17:30:08] [Server thread/INFO]: Preparing start region for level 0 (Seed: 4087606323402155167)
[17:30:09] [Server thread/INFO]: Preparing spawn area: 5%
[17:30:11] [Server thread/INFO]: Preparing spawn area: 11%
[17:30:12] [Server thread/INFO]: Preparing spawn area: 19%
[17:30:13] [Server thread/INFO]: Preparing spawn area: 28%
[17:30:14] [Server thread/INFO]: Preparing spawn area: 38%
[17:30:15] [Server thread/INFO]: Preparing spawn area: 48%
[17:30:16] [Server thread/INFO]: Preparing spawn area: 58%
[17:30:17] [Server thread/INFO]: Preparing spawn area: 67%
[17:30:18] [Server thread/INFO]: Preparing spawn area: 76%
[17:30:19] [Server thread/INFO]: Preparing spawn area: 85%
[17:30:20] [Server thread/INFO]: Preparing spawn area: 90%
[17:30:21] [Server thread/INFO]: Preparing start region for level 1 (Seed: 4087606323402155167)
[17:30:22] [Server thread/INFO]: Preparing spawn area: 11%
[17:30:23] [Server thread/INFO]: Preparing spawn area: 22%
[17:30:24] [Server thread/INFO]: Preparing spawn area: 35%
[17:30:25] [Server thread/INFO]: Preparing spawn area: 47%
[17:30:26] [Server thread/INFO]: Preparing spawn area: 60%
[17:30:27] [Server thread/INFO]: Preparing spawn area: 72%
[17:30:28] [Server thread/INFO]: Preparing spawn area: 85%
[17:30:29] [Server thread/INFO]: Preparing spawn area: 90%
[17:30:30] [Server thread/INFO]: Preparing spawn area: 97%
[17:30:30] [Server thread/INFO]: Preparing start region for level 2 (Seed: 4087606323402155167)
[17:30:31] [Server thread/INFO]: Preparing spawn area: 35%
[17:30:32] [Server thread/INFO]: Preparing spawn area: 65%
[17:30:33] [Server thread/INFO]: Preparing spawn area: 96%
[17:30:33] [Server thread/INFO]: Done (25,801s)! For help, type "help" or "?"
[17:31:36] [Server thread/INFO]: Stopping the server
[17:31:36] [Server thread/INFO]: Stopping server
[17:31:36] [Server thread/INFO]: Saving players
[17:31:36] [Server thread/INFO]: Saving worlds
[17:31:36] [Server thread/INFO]: Saving chunks for level 'world'/overworld
[17:31:37] [Server thread/INFO]: Saving chunks for level 'world_nether'/the_nether
[17:31:37] [Server thread/INFO]: Saving chunks for level 'world_the_end'/the_end
